2022-04-10 21:42:52 INFO AllocateMappedFileService - AllocateMappedFileService service started
2022-04-10 21:42:52 INFO main - /home/rocketmq/store/commitlog mkdir OK
2022-04-10 21:42:52 INFO main - /home/rocketmq/store/consumequeue mkdir OK
2022-04-10 21:42:52 INFO main - last shutdown normally
2022-04-10 21:42:52 INFO main - load commit log OK
2022-04-10 21:42:52 INFO main - load logics queue all over, OK
2022-04-10 21:42:52 INFO main - store checkpoint file not exists, /home/rocketmq/store/checkpoint
2022-04-10 21:42:52 WARN main - The commitlog files are deleted, and delete the consume queue files
2022-04-10 21:42:52 INFO main - load over, and the max phy offset = 0
2022-04-10 22:22:27 INFO AllocateMappedFileService - AllocateMappedFileService service started
2022-04-10 22:22:27 INFO main - last shutdown normally
2022-04-10 22:22:27 INFO main - load commit log OK
2022-04-10 22:22:27 INFO main - load logics queue all over, OK
2022-04-10 22:22:27 INFO main - store checkpoint file exists, /home/rocketmq/store/checkpoint
2022-04-10 22:22:27 INFO main - store checkpoint file physicMsgTimestamp 0, 19700101000000000
2022-04-10 22:22:27 INFO main - store checkpoint file logicsMsgTimestamp 0, 19700101000000000
2022-04-10 22:22:27 INFO main - store checkpoint file indexMsgTimestamp 0, 19700101000000000
2022-04-10 22:22:27 WARN main - The commitlog files are deleted, and delete the consume queue files
2022-04-10 22:22:27 INFO main - load over, and the max phy offset = 0
2022-04-10 22:22:27 INFO main - [SetReputOffset] maxPhysicalPosInLogicQueue=0 clMinOffset=-1 clMaxOffset=0 clConfirmedOffset=-1
2022-04-10 22:22:27 INFO ReputMessageService - ReputMessageService service started
2022-04-10 22:22:27 INFO AcceptSocketService - AcceptSocketService service started
2022-04-10 22:22:27 INFO GroupTransferService - GroupTransferService service started
2022-04-10 22:22:27 INFO HAClient - HAClient service started
2022-04-10 22:22:27 INFO FlushConsumeQueueService - FlushConsumeQueueService service started
2022-04-10 22:22:27 INFO FlushRealTimeService - FlushRealTimeService service started
2022-04-10 22:22:27 INFO StoreStatsService - StoreStatsService service started
2022-04-10 22:22:27 INFO main - /home/rocketmq/store/abort create OK
2022-04-10 22:23:27 INFO StoreStatsService - [STORETPS] put_tps  get_found_tps  get_miss_tps  get_transfered_tps 
2022-04-10 22:23:27 INFO StoreStatsService - [PAGECACHERT] TotalPut 0, PutMessageDistributeTime [<=0ms]:0 [0~10ms]:0 [10~50ms]:0 [50~100ms]:0 [100~200ms]:0 [200~500ms]:0 [500ms~1s]:0 [1~2s]:0 [2~3s]:0 [3~4s]:0 [4~5s]:0 [5~10s]:0 [10s~]:0 
2022-04-10 22:24:27 INFO StoreStatsService - [STORETPS] put_tps 0.0 get_found_tps 0.0 get_miss_tps 0.03330779735536089 get_transfered_tps 0.0
2022-04-10 22:24:27 INFO StoreStatsService - [PAGECACHERT] TotalPut 0, PutMessageDistributeTime [<=0ms]:0 [0~10ms]:0 [10~50ms]:0 [50~100ms]:0 [100~200ms]:0 [200~500ms]:0 [500ms~1s]:0 [1~2s]:0 [2~3s]:0 [3~4s]:0 [4~5s]:0 [5~10s]:0 [10s~]:0 
2022-04-10 22:25:28 INFO StoreStatsService - [STORETPS] put_tps 0.0 get_found_tps 0.0 get_miss_tps 0.033318340080297194 get_transfered_tps 0.0
2022-04-10 22:25:28 INFO StoreStatsService - [PAGECACHERT] TotalPut 0, PutMessageDistributeTime [<=0ms]:0 [0~10ms]:0 [10~50ms]:0 [50~100ms]:0 [100~200ms]:0 [200~500ms]:0 [500ms~1s]:0 [1~2s]:0 [2~3s]:0 [3~4s]:0 [4~5s]:0 [5~10s]:0 [10s~]:0 
2022-04-10 22:26:28 INFO StoreStatsService - [STORETPS] put_tps 0.0 get_found_tps 0.0 get_miss_tps 0.06661448531983279 get_transfered_tps 0.0
2022-04-10 22:26:28 INFO StoreStatsService - [PAGECACHERT] TotalPut 0, PutMessageDistributeTime [<=0ms]:0 [0~10ms]:0 [10~50ms]:0 [50~100ms]:0 [100~200ms]:0 [200~500ms]:0 [500ms~1s]:0 [1~2s]:0 [2~3s]:0 [3~4s]:0 [4~5s]:0 [5~10s]:0 [10s~]:0 
2022-04-10 22:27:28 INFO StoreStatsService - [STORETPS] put_tps 0.0 get_found_tps 0.0 get_miss_tps 0.033311125916055964 get_transfered_tps 0.0
2022-04-10 22:27:28 INFO StoreStatsService - [PAGECACHERT] TotalPut 0, PutMessageDistributeTime [<=0ms]:0 [0~10ms]:0 [10~50ms]:0 [50~100ms]:0 [100~200ms]:0 [200~500ms]:0 [500ms~1s]:0 [1~2s]:0 [2~3s]:0 [3~4s]:0 [4~5s]:0 [5~10s]:0 [10s~]:0 
2022-04-10 22:28:28 INFO StoreStatsService - [STORETPS] put_tps 0.0 get_found_tps 0.0 get_miss_tps 0.033305024062879884 get_transfered_tps 0.0
2022-04-10 22:28:28 INFO StoreStatsService - [PAGECACHERT] TotalPut 0, PutMessageDistributeTime [<=0ms]:0 [0~10ms]:0 [10~50ms]:0 [50~100ms]:0 [100~200ms]:0 [200~500ms]:0 [500ms~1s]:0 [1~2s]:0 [2~3s]:0 [3~4s]:0 [4~5s]:0 [5~10s]:0 [10s~]:0 
2022-04-10 22:29:28 INFO StoreStatsService - [STORETPS] put_tps 0.0 get_found_tps 0.0 get_miss_tps 0.033301696721447956 get_transfered_tps 0.0
2022-04-10 22:29:28 INFO StoreStatsService - [PAGECACHERT] TotalPut 0, PutMessageDistributeTime [<=0ms]:0 [0~10ms]:0 [10~50ms]:0 [50~100ms]:0 [100~200ms]:0 [200~500ms]:0 [500ms~1s]:0 [1~2s]:0 [2~3s]:0 [3~4s]:0 [4~5s]:0 [5~10s]:0 [10s~]:0 
2022-04-10 22:30:28 INFO StoreStatsService - [STORETPS] put_tps 0.0 get_found_tps 0.0 get_miss_tps 0.03330557868442964 get_transfered_tps 0.0
2022-04-10 22:30:28 INFO StoreStatsService - [PAGECACHERT] TotalPut 0, PutMessageDistributeTime [<=0ms]:0 [0~10ms]:0 [10~50ms]:0 [50~100ms]:0 [100~200ms]:0 [200~500ms]:0 [500ms~1s]:0 [1~2s]:0 [2~3s]:0 [3~4s]:0 [4~5s]:0 [5~10s]:0 [10s~]:0 
2022-04-10 22:31:28 INFO StoreStatsService - [STORETPS] put_tps 0.0 get_found_tps 0.0 get_miss_tps 0.03330114222917846 get_transfered_tps 0.0
2022-04-10 22:31:28 INFO StoreStatsService - [PAGECACHERT] TotalPut 0, PutMessageDistributeTime [<=0ms]:0 [0~10ms]:0 [10~50ms]:0 [50~100ms]:0 [100~200ms]:0 [200~500ms]:0 [500ms~1s]:0 [1~2s]:0 [2~3s]:0 [3~4s]:0 [4~5s]:0 [5~10s]:0 [10s~]:0 
2022-04-10 22:32:28 INFO StoreStatsService - [STORETPS] put_tps 0.0 get_found_tps 0.0 get_miss_tps 0.033297815663292485 get_transfered_tps 0.0
2022-04-10 22:32:28 INFO StoreStatsService - [PAGECACHERT] TotalPut 0, PutMessageDistributeTime [<=0ms]:0 [0~10ms]:0 [10~50ms]:0 [50~100ms]:0 [100~200ms]:0 [200~500ms]:0 [500ms~1s]:0 [1~2s]:0 [2~3s]:0 [3~4s]:0 [4~5s]:0 [5~10s]:0 [10s~]:0 
2022-04-10 22:33:28 INFO StoreStatsService - [STORETPS] put_tps 0.0 get_found_tps 0.0 get_miss_tps 0.033306687982946975 get_transfered_tps 0.0
2022-04-10 22:33:28 INFO StoreStatsService - [PAGECACHERT] TotalPut 0, PutMessageDistributeTime [<=0ms]:0 [0~10ms]:0 [10~50ms]:0 [50~100ms]:0 [100~200ms]:0 [200~500ms]:0 [500ms~1s]:0 [1~2s]:0 [2~3s]:0 [3~4s]:0 [4~5s]:0 [5~10s]:0 [10s~]:0 
2022-04-10 22:34:28 INFO StoreStatsService - [STORETPS] put_tps 0.0 get_found_tps 0.0 get_miss_tps 0.03331057110974168 get_transfered_tps 0.0
2022-04-10 22:34:28 INFO StoreStatsService - [PAGECACHERT] TotalPut 0, PutMessageDistributeTime [<=0ms]:0 [0~10ms]:0 [10~50ms]:0 [50~100ms]:0 [100~200ms]:0 [200~500ms]:0 [500ms~1s]:0 [1~2s]:0 [2~3s]:0 [3~4s]:0 [4~5s]:0 [5~10s]:0 [10s~]:0 
2022-04-10 22:35:28 INFO StoreStatsService - [STORETPS] put_tps 0.0 get_found_tps 0.0 get_miss_tps 0.03331334532613765 get_transfered_tps 0.0
2022-04-10 22:35:28 INFO StoreStatsService - [PAGECACHERT] TotalPut 0, PutMessageDistributeTime [<=0ms]:0 [0~10ms]:0 [10~50ms]:0 [50~100ms]:0 [100~200ms]:0 [200~500ms]:0 [500ms~1s]:0 [1~2s]:0 [2~3s]:0 [3~4s]:0 [4~5s]:0 [5~10s]:0 [10s~]:0 
2022-04-10 22:36:28 INFO StoreStatsService - [STORETPS] put_tps 0.0 get_found_tps 0.0 get_miss_tps 0.033315010077790544 get_transfered_tps 0.0
2022-04-10 22:36:28 INFO StoreStatsService - [PAGECACHERT] TotalPut 0, PutMessageDistributeTime [<=0ms]:0 [0~10ms]:0 [10~50ms]:0 [50~100ms]:0 [100~200ms]:0 [200~500ms]:0 [500ms~1s]:0 [1~2s]:0 [2~3s]:0 [3~4s]:0 [4~5s]:0 [5~10s]:0 [10s~]:0 
2022-04-10 22:37:28 INFO StoreStatsService - [STORETPS] put_tps 0.0 get_found_tps 0.0 get_miss_tps 0.03330557868442964 get_transfered_tps 0.0
2022-04-10 22:37:28 INFO StoreStatsService - [PAGECACHERT] TotalPut 0, PutMessageDistributeTime [<=0ms]:0 [0~10ms]:0 [10~50ms]:0 [50~100ms]:0 [100~200ms]:0 [200~500ms]:0 [500ms~1s]:0 [1~2s]:0 [2~3s]:0 [3~4s]:0 [4~5s]:0 [5~10s]:0 [10s~]:0 
2022-04-10 22:38:28 INFO StoreStatsService - [STORETPS] put_tps 0.0 get_found_tps 0.0 get_miss_tps 0.03329726130025805 get_transfered_tps 0.0
2022-04-10 22:38:28 INFO StoreStatsService - [PAGECACHERT] TotalPut 0, PutMessageDistributeTime [<=0ms]:0 [0~10ms]:0 [10~50ms]:0 [50~100ms]:0 [100~200ms]:0 [200~500ms]:0 [500ms~1s]:0 [1~2s]:0 [2~3s]:0 [3~4s]:0 [4~5s]:0 [5~10s]:0 [10s~]:0 
2022-04-10 22:39:28 INFO StoreStatsService - [STORETPS] put_tps 0.0 get_found_tps 0.0 get_miss_tps 0.03329393550964692 get_transfered_tps 0.0
2022-04-10 22:39:28 INFO StoreStatsService - [PAGECACHERT] TotalPut 0, PutMessageDistributeTime [<=0ms]:0 [0~10ms]:0 [10~50ms]:0 [50~100ms]:0 [100~200ms]:0 [200~500ms]:0 [500ms~1s]:0 [1~2s]:0 [2~3s]:0 [3~4s]:0 [4~5s]:0 [5~10s]:0 [10s~]:0 
2022-04-10 22:40:28 INFO StoreStatsService - [STORETPS] put_tps 0.0 get_found_tps 0.0 get_miss_tps 0.033315010077790544 get_transfered_tps 0.0
2022-04-10 22:40:28 INFO StoreStatsService - [PAGECACHERT] TotalPut 0, PutMessageDistributeTime [<=0ms]:0 [0~10ms]:0 [10~50ms]:0 [50~100ms]:0 [100~200ms]:0 [200~500ms]:0 [500ms~1s]:0 [1~2s]:0 [2~3s]:0 [3~4s]:0 [4~5s]:0 [5~10s]:0 [10s~]:0 
2022-04-10 22:41:28 INFO StoreStatsService - [STORETPS] put_tps 0.0 get_found_tps 0.0 get_miss_tps 0.033306687982946975 get_transfered_tps 0.0
2022-04-10 22:41:28 INFO StoreStatsService - [PAGECACHERT] TotalPut 0, PutMessageDistributeTime [<=0ms]:0 [0~10ms]:0 [10~50ms]:0 [50~100ms]:0 [100~200ms]:0 [200~500ms]:0 [500ms~1s]:0 [1~2s]:0 [2~3s]:0 [3~4s]:0 [4~5s]:0 [5~10s]:0 [10s~]:0 
2022-04-10 22:42:28 INFO StoreStatsService - [STORETPS] put_tps 0.0 get_found_tps 0.0 get_miss_tps 0.0332994788631558 get_transfered_tps 0.0
2022-04-10 22:42:28 INFO StoreStatsService - [PAGECACHERT] TotalPut 0, PutMessageDistributeTime [<=0ms]:0 [0~10ms]:0 [10~50ms]:0 [50~100ms]:0 [100~200ms]:0 [200~500ms]:0 [500ms~1s]:0 [1~2s]:0 [2~3s]:0 [3~4s]:0 [4~5s]:0 [5~10s]:0 [10s~]:0 
2022-04-10 22:43:28 INFO StoreStatsService - [STORETPS] put_tps 0.0 get_found_tps 0.0 get_miss_tps 0.03330890680167877 get_transfered_tps 0.0
2022-04-10 22:43:28 INFO StoreStatsService - [PAGECACHERT] TotalPut 0, PutMessageDistributeTime [<=0ms]:0 [0~10ms]:0 [10~50ms]:0 [50~100ms]:0 [100~200ms]:0 [200~500ms]:0 [500ms~1s]:0 [1~2s]:0 [2~3s]:0 [3~4s]:0 [4~5s]:0 [5~10s]:0 [10s~]:0 
2022-04-10 22:44:28 INFO StoreStatsService - [STORETPS] put_tps 0.0 get_found_tps 0.0 get_miss_tps 0.03330336030905518 get_transfered_tps 0.0
2022-04-10 22:44:28 INFO StoreStatsService - [PAGECACHERT] TotalPut 0, PutMessageDistributeTime [<=0ms]:0 [0~10ms]:0 [10~50ms]:0 [50~100ms]:0 [100~200ms]:0 [200~500ms]:0 [500ms~1s]:0 [1~2s]:0 [2~3s]:0 [3~4s]:0 [4~5s]:0 [5~10s]:0 [10s~]:0 
2022-04-10 22:45:29 INFO StoreStatsService - [STORETPS] put_tps 0.0 get_found_tps 0.0 get_miss_tps 0.03330890680167877 get_transfered_tps 0.0
2022-04-10 22:45:29 INFO StoreStatsService - [PAGECACHERT] TotalPut 0, PutMessageDistributeTime [<=0ms]:0 [0~10ms]:0 [10~50ms]:0 [50~100ms]:0 [100~200ms]:0 [200~500ms]:0 [500ms~1s]:0 [1~2s]:0 [2~3s]:0 [3~4s]:0 [4~5s]:0 [5~10s]:0 [10s~]:0 
2022-04-10 22:46:29 INFO StoreStatsService - [STORETPS] put_tps 0.0 get_found_tps 0.0 get_miss_tps 0.033315010077790544 get_transfered_tps 0.0
2022-04-10 22:46:29 INFO StoreStatsService - [PAGECACHERT] TotalPut 0, PutMessageDistributeTime [<=0ms]:0 [0~10ms]:0 [10~50ms]:0 [50~100ms]:0 [100~200ms]:0 [200~500ms]:0 [500ms~1s]:0 [1~2s]:0 [2~3s]:0 [3~4s]:0 [4~5s]:0 [5~10s]:0 [10s~]:0 
2022-04-10 22:47:29 INFO StoreStatsService - [STORETPS] put_tps 0.0 get_found_tps 0.0 get_miss_tps 0.03331445514208615 get_transfered_tps 0.0
2022-04-10 22:47:29 INFO StoreStatsService - [PAGECACHERT] TotalPut 0, PutMessageDistributeTime [<=0ms]:0 [0~10ms]:0 [10~50ms]:0 [50~100ms]:0 [100~200ms]:0 [200~500ms]:0 [500ms~1s]:0 [1~2s]:0 [2~3s]:0 [3~4s]:0 [4~5s]:0 [5~10s]:0 [10s~]:0 
2022-04-10 22:48:29 INFO StoreStatsService - [STORETPS] put_tps 0.0 get_found_tps 0.0 get_miss_tps 0.03331168074085178 get_transfered_tps 0.0
2022-04-10 22:48:29 INFO StoreStatsService - [PAGECACHERT] TotalPut 0, PutMessageDistributeTime [<=0ms]:0 [0~10ms]:0 [10~50ms]:0 [50~100ms]:0 [100~200ms]:0 [200~500ms]:0 [500ms~1s]:0 [1~2s]:0 [2~3s]:0 [3~4s]:0 [4~5s]:0 [5~10s]:0 [10s~]:0 
2022-04-10 22:49:29 INFO StoreStatsService - [STORETPS] put_tps 0.0 get_found_tps 0.0 get_miss_tps 0.03331667499583541 get_transfered_tps 0.0
2022-04-10 22:49:29 INFO StoreStatsService - [PAGECACHERT] TotalPut 0, PutMessageDistributeTime [<=0ms]:0 [0~10ms]:0 [10~50ms]:0 [50~100ms]:0 [100~200ms]:0 [200~500ms]:0 [500ms~1s]:0 [1~2s]:0 [2~3s]:0 [3~4s]:0 [4~5s]:0 [5~10s]:0 [10s~]:0 
2022-04-10 22:50:29 INFO StoreStatsService - [STORETPS] put_tps 0.0 get_found_tps 0.0 get_miss_tps 0.033301696721447956 get_transfered_tps 0.0
2022-04-10 22:50:29 INFO StoreStatsService - [PAGECACHERT] TotalPut 0, PutMessageDistributeTime [<=0ms]:0 [0~10ms]:0 [10~50ms]:0 [50~100ms]:0 [100~200ms]:0 [200~500ms]:0 [500ms~1s]:0 [1~2s]:0 [2~3s]:0 [3~4s]:0 [4~5s]:0 [5~10s]:0 [10s~]:0 
