2022-04-10 22:22:28 INFO TransactionalMessageCheckService - Start transaction check service thread!
2022-04-10 22:23:28 INFO TransactionalMessageCheckService - Begin to check prepare message, begin time:1649600608014
2022-04-10 22:23:28 INFO TransactionalMessageCheckService - Before check, the queue=MessageQueue [topic=RMQ_SYS_TRANS_HALF_TOPIC, brokerName=b03c68b090b1, queueId=0] msgOffset=0 opOffset=0
2022-04-10 22:23:28 WARN TransactionalMessageCheckService - No new message. GetMessageStatus=NO_MESSAGE_IN_QUEUE, topic=RMQ_SYS_TRANS_OP_HALF_TOPIC, groupId=CID_RMQ_SYS_TRANS, requestOffset=0
2022-04-10 22:23:28 WARN TransactionalMessageCheckService - The miss op offset=0 in queue=MessageQueue [topic=RMQ_SYS_TRANS_OP_HALF_TOPIC, brokerName=b03c68b090b1, queueId=0] is NO_NEW_MSG, pullResult=PullResult [pullStatus=NO_NEW_MSG, nextBeginOffset=0, minOffset=0, maxOffset=0, msgFoundList=0]
2022-04-10 22:23:28 WARN TransactionalMessageCheckService - No new message. GetMessageStatus=NO_MESSAGE_IN_QUEUE, topic=RMQ_SYS_TRANS_HALF_TOPIC, groupId=CID_RMQ_SYS_TRANS, requestOffset=0
2022-04-10 22:23:28 INFO TransactionalMessageCheckService - End to check prepare message, consumed time:27
2022-04-10 22:24:28 INFO TransactionalMessageCheckService - Begin to check prepare message, begin time:1649600668042
2022-04-10 22:24:28 INFO TransactionalMessageCheckService - Before check, the queue=MessageQueue [topic=RMQ_SYS_TRANS_HALF_TOPIC, brokerName=b03c68b090b1, queueId=0] msgOffset=0 opOffset=0
2022-04-10 22:24:28 WARN TransactionalMessageCheckService - No new message. GetMessageStatus=NO_MESSAGE_IN_QUEUE, topic=RMQ_SYS_TRANS_OP_HALF_TOPIC, groupId=CID_RMQ_SYS_TRANS, requestOffset=0
2022-04-10 22:24:28 WARN TransactionalMessageCheckService - The miss op offset=0 in queue=MessageQueue [topic=RMQ_SYS_TRANS_OP_HALF_TOPIC, brokerName=b03c68b090b1, queueId=0] is NO_NEW_MSG, pullResult=PullResult [pullStatus=NO_NEW_MSG, nextBeginOffset=0, minOffset=0, maxOffset=0, msgFoundList=0]
2022-04-10 22:24:28 WARN TransactionalMessageCheckService - No new message. GetMessageStatus=NO_MESSAGE_IN_QUEUE, topic=RMQ_SYS_TRANS_HALF_TOPIC, groupId=CID_RMQ_SYS_TRANS, requestOffset=0
2022-04-10 22:24:28 INFO TransactionalMessageCheckService - End to check prepare message, consumed time:0
2022-04-10 22:25:28 INFO TransactionalMessageCheckService - Begin to check prepare message, begin time:1649600728041
2022-04-10 22:25:28 INFO TransactionalMessageCheckService - Before check, the queue=MessageQueue [topic=RMQ_SYS_TRANS_HALF_TOPIC, brokerName=b03c68b090b1, queueId=0] msgOffset=0 opOffset=0
2022-04-10 22:25:28 WARN TransactionalMessageCheckService - No new message. GetMessageStatus=NO_MESSAGE_IN_QUEUE, topic=RMQ_SYS_TRANS_OP_HALF_TOPIC, groupId=CID_RMQ_SYS_TRANS, requestOffset=0
2022-04-10 22:25:28 WARN TransactionalMessageCheckService - The miss op offset=0 in queue=MessageQueue [topic=RMQ_SYS_TRANS_OP_HALF_TOPIC, brokerName=b03c68b090b1, queueId=0] is NO_NEW_MSG, pullResult=PullResult [pullStatus=NO_NEW_MSG, nextBeginOffset=0, minOffset=0, maxOffset=0, msgFoundList=0]
2022-04-10 22:25:28 WARN TransactionalMessageCheckService - No new message. GetMessageStatus=NO_MESSAGE_IN_QUEUE, topic=RMQ_SYS_TRANS_HALF_TOPIC, groupId=CID_RMQ_SYS_TRANS, requestOffset=0
2022-04-10 22:25:28 INFO TransactionalMessageCheckService - End to check prepare message, consumed time:1
2022-04-10 22:26:28 INFO TransactionalMessageCheckService - Begin to check prepare message, begin time:1649600788042
2022-04-10 22:26:28 INFO TransactionalMessageCheckService - Before check, the queue=MessageQueue [topic=RMQ_SYS_TRANS_HALF_TOPIC, brokerName=b03c68b090b1, queueId=0] msgOffset=0 opOffset=0
2022-04-10 22:26:28 WARN TransactionalMessageCheckService - No new message. GetMessageStatus=NO_MESSAGE_IN_QUEUE, topic=RMQ_SYS_TRANS_OP_HALF_TOPIC, groupId=CID_RMQ_SYS_TRANS, requestOffset=0
2022-04-10 22:26:28 WARN TransactionalMessageCheckService - The miss op offset=0 in queue=MessageQueue [topic=RMQ_SYS_TRANS_OP_HALF_TOPIC, brokerName=b03c68b090b1, queueId=0] is NO_NEW_MSG, pullResult=PullResult [pullStatus=NO_NEW_MSG, nextBeginOffset=0, minOffset=0, maxOffset=0, msgFoundList=0]
2022-04-10 22:26:28 WARN TransactionalMessageCheckService - No new message. GetMessageStatus=NO_MESSAGE_IN_QUEUE, topic=RMQ_SYS_TRANS_HALF_TOPIC, groupId=CID_RMQ_SYS_TRANS, requestOffset=0
2022-04-10 22:26:28 INFO TransactionalMessageCheckService - End to check prepare message, consumed time:0
2022-04-10 22:27:28 INFO TransactionalMessageCheckService - Begin to check prepare message, begin time:1649600848041
2022-04-10 22:27:28 INFO TransactionalMessageCheckService - Before check, the queue=MessageQueue [topic=RMQ_SYS_TRANS_HALF_TOPIC, brokerName=b03c68b090b1, queueId=0] msgOffset=0 opOffset=0
2022-04-10 22:27:28 WARN TransactionalMessageCheckService - No new message. GetMessageStatus=NO_MESSAGE_IN_QUEUE, topic=RMQ_SYS_TRANS_OP_HALF_TOPIC, groupId=CID_RMQ_SYS_TRANS, requestOffset=0
2022-04-10 22:27:28 WARN TransactionalMessageCheckService - The miss op offset=0 in queue=MessageQueue [topic=RMQ_SYS_TRANS_OP_HALF_TOPIC, brokerName=b03c68b090b1, queueId=0] is NO_NEW_MSG, pullResult=PullResult [pullStatus=NO_NEW_MSG, nextBeginOffset=0, minOffset=0, maxOffset=0, msgFoundList=0]
2022-04-10 22:27:28 WARN TransactionalMessageCheckService - No new message. GetMessageStatus=NO_MESSAGE_IN_QUEUE, topic=RMQ_SYS_TRANS_HALF_TOPIC, groupId=CID_RMQ_SYS_TRANS, requestOffset=0
2022-04-10 22:27:28 INFO TransactionalMessageCheckService - End to check prepare message, consumed time:2
2022-04-10 22:28:28 INFO TransactionalMessageCheckService - Begin to check prepare message, begin time:1649600908043
2022-04-10 22:28:28 INFO TransactionalMessageCheckService - Before check, the queue=MessageQueue [topic=RMQ_SYS_TRANS_HALF_TOPIC, brokerName=b03c68b090b1, queueId=0] msgOffset=0 opOffset=0
2022-04-10 22:28:28 WARN TransactionalMessageCheckService - No new message. GetMessageStatus=NO_MESSAGE_IN_QUEUE, topic=RMQ_SYS_TRANS_OP_HALF_TOPIC, groupId=CID_RMQ_SYS_TRANS, requestOffset=0
2022-04-10 22:28:28 WARN TransactionalMessageCheckService - The miss op offset=0 in queue=MessageQueue [topic=RMQ_SYS_TRANS_OP_HALF_TOPIC, brokerName=b03c68b090b1, queueId=0] is NO_NEW_MSG, pullResult=PullResult [pullStatus=NO_NEW_MSG, nextBeginOffset=0, minOffset=0, maxOffset=0, msgFoundList=0]
2022-04-10 22:28:28 WARN TransactionalMessageCheckService - No new message. GetMessageStatus=NO_MESSAGE_IN_QUEUE, topic=RMQ_SYS_TRANS_HALF_TOPIC, groupId=CID_RMQ_SYS_TRANS, requestOffset=0
2022-04-10 22:28:28 INFO TransactionalMessageCheckService - End to check prepare message, consumed time:1
2022-04-10 22:29:28 INFO TransactionalMessageCheckService - Begin to check prepare message, begin time:1649600968043
2022-04-10 22:29:28 INFO TransactionalMessageCheckService - Before check, the queue=MessageQueue [topic=RMQ_SYS_TRANS_HALF_TOPIC, brokerName=b03c68b090b1, queueId=0] msgOffset=0 opOffset=0
2022-04-10 22:29:28 WARN TransactionalMessageCheckService - No new message. GetMessageStatus=NO_MESSAGE_IN_QUEUE, topic=RMQ_SYS_TRANS_OP_HALF_TOPIC, groupId=CID_RMQ_SYS_TRANS, requestOffset=0
2022-04-10 22:29:28 WARN TransactionalMessageCheckService - The miss op offset=0 in queue=MessageQueue [topic=RMQ_SYS_TRANS_OP_HALF_TOPIC, brokerName=b03c68b090b1, queueId=0] is NO_NEW_MSG, pullResult=PullResult [pullStatus=NO_NEW_MSG, nextBeginOffset=0, minOffset=0, maxOffset=0, msgFoundList=0]
2022-04-10 22:29:28 WARN TransactionalMessageCheckService - No new message. GetMessageStatus=NO_MESSAGE_IN_QUEUE, topic=RMQ_SYS_TRANS_HALF_TOPIC, groupId=CID_RMQ_SYS_TRANS, requestOffset=0
2022-04-10 22:29:28 INFO TransactionalMessageCheckService - End to check prepare message, consumed time:2
2022-04-10 22:30:28 INFO TransactionalMessageCheckService - Begin to check prepare message, begin time:1649601028044
2022-04-10 22:30:28 INFO TransactionalMessageCheckService - Before check, the queue=MessageQueue [topic=RMQ_SYS_TRANS_HALF_TOPIC, brokerName=b03c68b090b1, queueId=0] msgOffset=0 opOffset=0
2022-04-10 22:30:28 WARN TransactionalMessageCheckService - No new message. GetMessageStatus=NO_MESSAGE_IN_QUEUE, topic=RMQ_SYS_TRANS_OP_HALF_TOPIC, groupId=CID_RMQ_SYS_TRANS, requestOffset=0
2022-04-10 22:30:28 WARN TransactionalMessageCheckService - The miss op offset=0 in queue=MessageQueue [topic=RMQ_SYS_TRANS_OP_HALF_TOPIC, brokerName=b03c68b090b1, queueId=0] is NO_NEW_MSG, pullResult=PullResult [pullStatus=NO_NEW_MSG, nextBeginOffset=0, minOffset=0, maxOffset=0, msgFoundList=0]
2022-04-10 22:30:28 WARN TransactionalMessageCheckService - No new message. GetMessageStatus=NO_MESSAGE_IN_QUEUE, topic=RMQ_SYS_TRANS_HALF_TOPIC, groupId=CID_RMQ_SYS_TRANS, requestOffset=0
2022-04-10 22:30:28 INFO TransactionalMessageCheckService - End to check prepare message, consumed time:1
2022-04-10 22:31:28 INFO TransactionalMessageCheckService - Begin to check prepare message, begin time:1649601088045
2022-04-10 22:31:28 INFO TransactionalMessageCheckService - Before check, the queue=MessageQueue [topic=RMQ_SYS_TRANS_HALF_TOPIC, brokerName=b03c68b090b1, queueId=0] msgOffset=0 opOffset=0
2022-04-10 22:31:28 WARN TransactionalMessageCheckService - No new message. GetMessageStatus=NO_MESSAGE_IN_QUEUE, topic=RMQ_SYS_TRANS_OP_HALF_TOPIC, groupId=CID_RMQ_SYS_TRANS, requestOffset=0
2022-04-10 22:31:28 WARN TransactionalMessageCheckService - The miss op offset=0 in queue=MessageQueue [topic=RMQ_SYS_TRANS_OP_HALF_TOPIC, brokerName=b03c68b090b1, queueId=0] is NO_NEW_MSG, pullResult=PullResult [pullStatus=NO_NEW_MSG, nextBeginOffset=0, minOffset=0, maxOffset=0, msgFoundList=0]
2022-04-10 22:31:28 WARN TransactionalMessageCheckService - No new message. GetMessageStatus=NO_MESSAGE_IN_QUEUE, topic=RMQ_SYS_TRANS_HALF_TOPIC, groupId=CID_RMQ_SYS_TRANS, requestOffset=0
2022-04-10 22:31:28 INFO TransactionalMessageCheckService - End to check prepare message, consumed time:0
2022-04-10 22:32:28 INFO TransactionalMessageCheckService - Begin to check prepare message, begin time:1649601148045
2022-04-10 22:32:28 INFO TransactionalMessageCheckService - Before check, the queue=MessageQueue [topic=RMQ_SYS_TRANS_HALF_TOPIC, brokerName=b03c68b090b1, queueId=0] msgOffset=0 opOffset=0
2022-04-10 22:32:28 WARN TransactionalMessageCheckService - No new message. GetMessageStatus=NO_MESSAGE_IN_QUEUE, topic=RMQ_SYS_TRANS_OP_HALF_TOPIC, groupId=CID_RMQ_SYS_TRANS, requestOffset=0
2022-04-10 22:32:28 WARN TransactionalMessageCheckService - The miss op offset=0 in queue=MessageQueue [topic=RMQ_SYS_TRANS_OP_HALF_TOPIC, brokerName=b03c68b090b1, queueId=0] is NO_NEW_MSG, pullResult=PullResult [pullStatus=NO_NEW_MSG, nextBeginOffset=0, minOffset=0, maxOffset=0, msgFoundList=0]
2022-04-10 22:32:28 WARN TransactionalMessageCheckService - No new message. GetMessageStatus=NO_MESSAGE_IN_QUEUE, topic=RMQ_SYS_TRANS_HALF_TOPIC, groupId=CID_RMQ_SYS_TRANS, requestOffset=0
2022-04-10 22:32:28 INFO TransactionalMessageCheckService - End to check prepare message, consumed time:0
2022-04-10 22:33:28 INFO TransactionalMessageCheckService - Begin to check prepare message, begin time:1649601208045
2022-04-10 22:33:28 INFO TransactionalMessageCheckService - Before check, the queue=MessageQueue [topic=RMQ_SYS_TRANS_HALF_TOPIC, brokerName=b03c68b090b1, queueId=0] msgOffset=0 opOffset=0
2022-04-10 22:33:28 WARN TransactionalMessageCheckService - No new message. GetMessageStatus=NO_MESSAGE_IN_QUEUE, topic=RMQ_SYS_TRANS_OP_HALF_TOPIC, groupId=CID_RMQ_SYS_TRANS, requestOffset=0
2022-04-10 22:33:28 WARN TransactionalMessageCheckService - The miss op offset=0 in queue=MessageQueue [topic=RMQ_SYS_TRANS_OP_HALF_TOPIC, brokerName=b03c68b090b1, queueId=0] is NO_NEW_MSG, pullResult=PullResult [pullStatus=NO_NEW_MSG, nextBeginOffset=0, minOffset=0, maxOffset=0, msgFoundList=0]
2022-04-10 22:33:28 WARN TransactionalMessageCheckService - No new message. GetMessageStatus=NO_MESSAGE_IN_QUEUE, topic=RMQ_SYS_TRANS_HALF_TOPIC, groupId=CID_RMQ_SYS_TRANS, requestOffset=0
2022-04-10 22:33:28 INFO TransactionalMessageCheckService - End to check prepare message, consumed time:0
2022-04-10 22:34:28 INFO TransactionalMessageCheckService - Begin to check prepare message, begin time:1649601268045
2022-04-10 22:34:28 INFO TransactionalMessageCheckService - Before check, the queue=MessageQueue [topic=RMQ_SYS_TRANS_HALF_TOPIC, brokerName=b03c68b090b1, queueId=0] msgOffset=0 opOffset=0
2022-04-10 22:34:28 WARN TransactionalMessageCheckService - No new message. GetMessageStatus=NO_MESSAGE_IN_QUEUE, topic=RMQ_SYS_TRANS_OP_HALF_TOPIC, groupId=CID_RMQ_SYS_TRANS, requestOffset=0
2022-04-10 22:34:28 WARN TransactionalMessageCheckService - The miss op offset=0 in queue=MessageQueue [topic=RMQ_SYS_TRANS_OP_HALF_TOPIC, brokerName=b03c68b090b1, queueId=0] is NO_NEW_MSG, pullResult=PullResult [pullStatus=NO_NEW_MSG, nextBeginOffset=0, minOffset=0, maxOffset=0, msgFoundList=0]
2022-04-10 22:34:28 WARN TransactionalMessageCheckService - No new message. GetMessageStatus=NO_MESSAGE_IN_QUEUE, topic=RMQ_SYS_TRANS_HALF_TOPIC, groupId=CID_RMQ_SYS_TRANS, requestOffset=0
2022-04-10 22:34:28 INFO TransactionalMessageCheckService - End to check prepare message, consumed time:0
2022-04-10 22:35:28 INFO TransactionalMessageCheckService - Begin to check prepare message, begin time:1649601328044
2022-04-10 22:35:28 INFO TransactionalMessageCheckService - Before check, the queue=MessageQueue [topic=RMQ_SYS_TRANS_HALF_TOPIC, brokerName=b03c68b090b1, queueId=0] msgOffset=0 opOffset=0
2022-04-10 22:35:28 WARN TransactionalMessageCheckService - No new message. GetMessageStatus=NO_MESSAGE_IN_QUEUE, topic=RMQ_SYS_TRANS_OP_HALF_TOPIC, groupId=CID_RMQ_SYS_TRANS, requestOffset=0
2022-04-10 22:35:28 WARN TransactionalMessageCheckService - The miss op offset=0 in queue=MessageQueue [topic=RMQ_SYS_TRANS_OP_HALF_TOPIC, brokerName=b03c68b090b1, queueId=0] is NO_NEW_MSG, pullResult=PullResult [pullStatus=NO_NEW_MSG, nextBeginOffset=0, minOffset=0, maxOffset=0, msgFoundList=0]
2022-04-10 22:35:28 WARN TransactionalMessageCheckService - No new message. GetMessageStatus=NO_MESSAGE_IN_QUEUE, topic=RMQ_SYS_TRANS_HALF_TOPIC, groupId=CID_RMQ_SYS_TRANS, requestOffset=0
2022-04-10 22:35:28 INFO TransactionalMessageCheckService - End to check prepare message, consumed time:1
2022-04-10 22:36:28 INFO TransactionalMessageCheckService - Begin to check prepare message, begin time:1649601388045
2022-04-10 22:36:28 INFO TransactionalMessageCheckService - Before check, the queue=MessageQueue [topic=RMQ_SYS_TRANS_HALF_TOPIC, brokerName=b03c68b090b1, queueId=0] msgOffset=0 opOffset=0
2022-04-10 22:36:28 WARN TransactionalMessageCheckService - No new message. GetMessageStatus=NO_MESSAGE_IN_QUEUE, topic=RMQ_SYS_TRANS_OP_HALF_TOPIC, groupId=CID_RMQ_SYS_TRANS, requestOffset=0
2022-04-10 22:36:28 WARN TransactionalMessageCheckService - The miss op offset=0 in queue=MessageQueue [topic=RMQ_SYS_TRANS_OP_HALF_TOPIC, brokerName=b03c68b090b1, queueId=0] is NO_NEW_MSG, pullResult=PullResult [pullStatus=NO_NEW_MSG, nextBeginOffset=0, minOffset=0, maxOffset=0, msgFoundList=0]
2022-04-10 22:36:28 WARN TransactionalMessageCheckService - No new message. GetMessageStatus=NO_MESSAGE_IN_QUEUE, topic=RMQ_SYS_TRANS_HALF_TOPIC, groupId=CID_RMQ_SYS_TRANS, requestOffset=0
2022-04-10 22:36:28 INFO TransactionalMessageCheckService - End to check prepare message, consumed time:0
2022-04-10 22:37:28 INFO TransactionalMessageCheckService - Begin to check prepare message, begin time:1649601448045
2022-04-10 22:37:28 INFO TransactionalMessageCheckService - Before check, the queue=MessageQueue [topic=RMQ_SYS_TRANS_HALF_TOPIC, brokerName=b03c68b090b1, queueId=0] msgOffset=0 opOffset=0
2022-04-10 22:37:28 WARN TransactionalMessageCheckService - No new message. GetMessageStatus=NO_MESSAGE_IN_QUEUE, topic=RMQ_SYS_TRANS_OP_HALF_TOPIC, groupId=CID_RMQ_SYS_TRANS, requestOffset=0
2022-04-10 22:37:28 WARN TransactionalMessageCheckService - The miss op offset=0 in queue=MessageQueue [topic=RMQ_SYS_TRANS_OP_HALF_TOPIC, brokerName=b03c68b090b1, queueId=0] is NO_NEW_MSG, pullResult=PullResult [pullStatus=NO_NEW_MSG, nextBeginOffset=0, minOffset=0, maxOffset=0, msgFoundList=0]
2022-04-10 22:37:28 WARN TransactionalMessageCheckService - No new message. GetMessageStatus=NO_MESSAGE_IN_QUEUE, topic=RMQ_SYS_TRANS_HALF_TOPIC, groupId=CID_RMQ_SYS_TRANS, requestOffset=0
2022-04-10 22:37:28 INFO TransactionalMessageCheckService - End to check prepare message, consumed time:1
2022-04-10 22:38:28 INFO TransactionalMessageCheckService - Begin to check prepare message, begin time:1649601508045
2022-04-10 22:38:28 INFO TransactionalMessageCheckService - Before check, the queue=MessageQueue [topic=RMQ_SYS_TRANS_HALF_TOPIC, brokerName=b03c68b090b1, queueId=0] msgOffset=0 opOffset=0
2022-04-10 22:38:28 WARN TransactionalMessageCheckService - No new message. GetMessageStatus=NO_MESSAGE_IN_QUEUE, topic=RMQ_SYS_TRANS_OP_HALF_TOPIC, groupId=CID_RMQ_SYS_TRANS, requestOffset=0
2022-04-10 22:38:28 WARN TransactionalMessageCheckService - The miss op offset=0 in queue=MessageQueue [topic=RMQ_SYS_TRANS_OP_HALF_TOPIC, brokerName=b03c68b090b1, queueId=0] is NO_NEW_MSG, pullResult=PullResult [pullStatus=NO_NEW_MSG, nextBeginOffset=0, minOffset=0, maxOffset=0, msgFoundList=0]
2022-04-10 22:38:28 WARN TransactionalMessageCheckService - No new message. GetMessageStatus=NO_MESSAGE_IN_QUEUE, topic=RMQ_SYS_TRANS_HALF_TOPIC, groupId=CID_RMQ_SYS_TRANS, requestOffset=0
2022-04-10 22:38:28 INFO TransactionalMessageCheckService - End to check prepare message, consumed time:1
2022-04-10 22:39:28 INFO TransactionalMessageCheckService - Begin to check prepare message, begin time:1649601568046
2022-04-10 22:39:28 INFO TransactionalMessageCheckService - Before check, the queue=MessageQueue [topic=RMQ_SYS_TRANS_HALF_TOPIC, brokerName=b03c68b090b1, queueId=0] msgOffset=0 opOffset=0
2022-04-10 22:39:28 WARN TransactionalMessageCheckService - No new message. GetMessageStatus=NO_MESSAGE_IN_QUEUE, topic=RMQ_SYS_TRANS_OP_HALF_TOPIC, groupId=CID_RMQ_SYS_TRANS, requestOffset=0
2022-04-10 22:39:28 WARN TransactionalMessageCheckService - The miss op offset=0 in queue=MessageQueue [topic=RMQ_SYS_TRANS_OP_HALF_TOPIC, brokerName=b03c68b090b1, queueId=0] is NO_NEW_MSG, pullResult=PullResult [pullStatus=NO_NEW_MSG, nextBeginOffset=0, minOffset=0, maxOffset=0, msgFoundList=0]
2022-04-10 22:39:28 WARN TransactionalMessageCheckService - No new message. GetMessageStatus=NO_MESSAGE_IN_QUEUE, topic=RMQ_SYS_TRANS_HALF_TOPIC, groupId=CID_RMQ_SYS_TRANS, requestOffset=0
2022-04-10 22:39:28 INFO TransactionalMessageCheckService - End to check prepare message, consumed time:1
2022-04-10 22:40:28 INFO TransactionalMessageCheckService - Begin to check prepare message, begin time:1649601628047
2022-04-10 22:40:28 INFO TransactionalMessageCheckService - Before check, the queue=MessageQueue [topic=RMQ_SYS_TRANS_HALF_TOPIC, brokerName=b03c68b090b1, queueId=0] msgOffset=0 opOffset=0
2022-04-10 22:40:28 WARN TransactionalMessageCheckService - No new message. GetMessageStatus=NO_MESSAGE_IN_QUEUE, topic=RMQ_SYS_TRANS_OP_HALF_TOPIC, groupId=CID_RMQ_SYS_TRANS, requestOffset=0
2022-04-10 22:40:28 WARN TransactionalMessageCheckService - The miss op offset=0 in queue=MessageQueue [topic=RMQ_SYS_TRANS_OP_HALF_TOPIC, brokerName=b03c68b090b1, queueId=0] is NO_NEW_MSG, pullResult=PullResult [pullStatus=NO_NEW_MSG, nextBeginOffset=0, minOffset=0, maxOffset=0, msgFoundList=0]
2022-04-10 22:40:28 WARN TransactionalMessageCheckService - No new message. GetMessageStatus=NO_MESSAGE_IN_QUEUE, topic=RMQ_SYS_TRANS_HALF_TOPIC, groupId=CID_RMQ_SYS_TRANS, requestOffset=0
2022-04-10 22:40:28 INFO TransactionalMessageCheckService - End to check prepare message, consumed time:3
2022-04-10 22:41:28 INFO TransactionalMessageCheckService - Begin to check prepare message, begin time:1649601688050
2022-04-10 22:41:28 INFO TransactionalMessageCheckService - Before check, the queue=MessageQueue [topic=RMQ_SYS_TRANS_HALF_TOPIC, brokerName=b03c68b090b1, queueId=0] msgOffset=0 opOffset=0
2022-04-10 22:41:28 WARN TransactionalMessageCheckService - No new message. GetMessageStatus=NO_MESSAGE_IN_QUEUE, topic=RMQ_SYS_TRANS_OP_HALF_TOPIC, groupId=CID_RMQ_SYS_TRANS, requestOffset=0
2022-04-10 22:41:28 WARN TransactionalMessageCheckService - The miss op offset=0 in queue=MessageQueue [topic=RMQ_SYS_TRANS_OP_HALF_TOPIC, brokerName=b03c68b090b1, queueId=0] is NO_NEW_MSG, pullResult=PullResult [pullStatus=NO_NEW_MSG, nextBeginOffset=0, minOffset=0, maxOffset=0, msgFoundList=0]
2022-04-10 22:41:28 WARN TransactionalMessageCheckService - No new message. GetMessageStatus=NO_MESSAGE_IN_QUEUE, topic=RMQ_SYS_TRANS_HALF_TOPIC, groupId=CID_RMQ_SYS_TRANS, requestOffset=0
2022-04-10 22:41:28 INFO TransactionalMessageCheckService - End to check prepare message, consumed time:1
2022-04-10 22:42:28 INFO TransactionalMessageCheckService - Begin to check prepare message, begin time:1649601748054
2022-04-10 22:42:28 INFO TransactionalMessageCheckService - Before check, the queue=MessageQueue [topic=RMQ_SYS_TRANS_HALF_TOPIC, brokerName=b03c68b090b1, queueId=0] msgOffset=0 opOffset=0
2022-04-10 22:42:28 WARN TransactionalMessageCheckService - No new message. GetMessageStatus=NO_MESSAGE_IN_QUEUE, topic=RMQ_SYS_TRANS_OP_HALF_TOPIC, groupId=CID_RMQ_SYS_TRANS, requestOffset=0
2022-04-10 22:42:28 WARN TransactionalMessageCheckService - The miss op offset=0 in queue=MessageQueue [topic=RMQ_SYS_TRANS_OP_HALF_TOPIC, brokerName=b03c68b090b1, queueId=0] is NO_NEW_MSG, pullResult=PullResult [pullStatus=NO_NEW_MSG, nextBeginOffset=0, minOffset=0, maxOffset=0, msgFoundList=0]
2022-04-10 22:42:28 WARN TransactionalMessageCheckService - No new message. GetMessageStatus=NO_MESSAGE_IN_QUEUE, topic=RMQ_SYS_TRANS_HALF_TOPIC, groupId=CID_RMQ_SYS_TRANS, requestOffset=0
2022-04-10 22:42:28 INFO TransactionalMessageCheckService - End to check prepare message, consumed time:1
2022-04-10 22:43:28 INFO TransactionalMessageCheckService - Begin to check prepare message, begin time:1649601808054
2022-04-10 22:43:28 INFO TransactionalMessageCheckService - Before check, the queue=MessageQueue [topic=RMQ_SYS_TRANS_HALF_TOPIC, brokerName=b03c68b090b1, queueId=0] msgOffset=0 opOffset=0
2022-04-10 22:43:28 WARN TransactionalMessageCheckService - No new message. GetMessageStatus=NO_MESSAGE_IN_QUEUE, topic=RMQ_SYS_TRANS_OP_HALF_TOPIC, groupId=CID_RMQ_SYS_TRANS, requestOffset=0
2022-04-10 22:43:28 WARN TransactionalMessageCheckService - The miss op offset=0 in queue=MessageQueue [topic=RMQ_SYS_TRANS_OP_HALF_TOPIC, brokerName=b03c68b090b1, queueId=0] is NO_NEW_MSG, pullResult=PullResult [pullStatus=NO_NEW_MSG, nextBeginOffset=0, minOffset=0, maxOffset=0, msgFoundList=0]
2022-04-10 22:43:28 WARN TransactionalMessageCheckService - No new message. GetMessageStatus=NO_MESSAGE_IN_QUEUE, topic=RMQ_SYS_TRANS_HALF_TOPIC, groupId=CID_RMQ_SYS_TRANS, requestOffset=0
2022-04-10 22:43:28 INFO TransactionalMessageCheckService - End to check prepare message, consumed time:0
2022-04-10 22:44:28 INFO TransactionalMessageCheckService - Begin to check prepare message, begin time:1649601868055
2022-04-10 22:44:28 INFO TransactionalMessageCheckService - Before check, the queue=MessageQueue [topic=RMQ_SYS_TRANS_HALF_TOPIC, brokerName=b03c68b090b1, queueId=0] msgOffset=0 opOffset=0
2022-04-10 22:44:28 WARN TransactionalMessageCheckService - No new message. GetMessageStatus=NO_MESSAGE_IN_QUEUE, topic=RMQ_SYS_TRANS_OP_HALF_TOPIC, groupId=CID_RMQ_SYS_TRANS, requestOffset=0
2022-04-10 22:44:28 WARN TransactionalMessageCheckService - The miss op offset=0 in queue=MessageQueue [topic=RMQ_SYS_TRANS_OP_HALF_TOPIC, brokerName=b03c68b090b1, queueId=0] is NO_NEW_MSG, pullResult=PullResult [pullStatus=NO_NEW_MSG, nextBeginOffset=0, minOffset=0, maxOffset=0, msgFoundList=0]
2022-04-10 22:44:28 WARN TransactionalMessageCheckService - No new message. GetMessageStatus=NO_MESSAGE_IN_QUEUE, topic=RMQ_SYS_TRANS_HALF_TOPIC, groupId=CID_RMQ_SYS_TRANS, requestOffset=0
2022-04-10 22:44:28 INFO TransactionalMessageCheckService - End to check prepare message, consumed time:1
2022-04-10 22:45:28 INFO TransactionalMessageCheckService - Begin to check prepare message, begin time:1649601928056
2022-04-10 22:45:28 INFO TransactionalMessageCheckService - Before check, the queue=MessageQueue [topic=RMQ_SYS_TRANS_HALF_TOPIC, brokerName=b03c68b090b1, queueId=0] msgOffset=0 opOffset=0
2022-04-10 22:45:28 WARN TransactionalMessageCheckService - No new message. GetMessageStatus=NO_MESSAGE_IN_QUEUE, topic=RMQ_SYS_TRANS_OP_HALF_TOPIC, groupId=CID_RMQ_SYS_TRANS, requestOffset=0
2022-04-10 22:45:28 WARN TransactionalMessageCheckService - The miss op offset=0 in queue=MessageQueue [topic=RMQ_SYS_TRANS_OP_HALF_TOPIC, brokerName=b03c68b090b1, queueId=0] is NO_NEW_MSG, pullResult=PullResult [pullStatus=NO_NEW_MSG, nextBeginOffset=0, minOffset=0, maxOffset=0, msgFoundList=0]
2022-04-10 22:45:28 WARN TransactionalMessageCheckService - No new message. GetMessageStatus=NO_MESSAGE_IN_QUEUE, topic=RMQ_SYS_TRANS_HALF_TOPIC, groupId=CID_RMQ_SYS_TRANS, requestOffset=0
2022-04-10 22:45:28 INFO TransactionalMessageCheckService - End to check prepare message, consumed time:2
2022-04-10 22:46:28 INFO TransactionalMessageCheckService - Begin to check prepare message, begin time:1649601988058
2022-04-10 22:46:28 INFO TransactionalMessageCheckService - Before check, the queue=MessageQueue [topic=RMQ_SYS_TRANS_HALF_TOPIC, brokerName=b03c68b090b1, queueId=0] msgOffset=0 opOffset=0
2022-04-10 22:46:28 WARN TransactionalMessageCheckService - No new message. GetMessageStatus=NO_MESSAGE_IN_QUEUE, topic=RMQ_SYS_TRANS_OP_HALF_TOPIC, groupId=CID_RMQ_SYS_TRANS, requestOffset=0
2022-04-10 22:46:28 WARN TransactionalMessageCheckService - The miss op offset=0 in queue=MessageQueue [topic=RMQ_SYS_TRANS_OP_HALF_TOPIC, brokerName=b03c68b090b1, queueId=0] is NO_NEW_MSG, pullResult=PullResult [pullStatus=NO_NEW_MSG, nextBeginOffset=0, minOffset=0, maxOffset=0, msgFoundList=0]
2022-04-10 22:46:28 WARN TransactionalMessageCheckService - No new message. GetMessageStatus=NO_MESSAGE_IN_QUEUE, topic=RMQ_SYS_TRANS_HALF_TOPIC, groupId=CID_RMQ_SYS_TRANS, requestOffset=0
2022-04-10 22:46:28 INFO TransactionalMessageCheckService - End to check prepare message, consumed time:1
2022-04-10 22:47:28 INFO TransactionalMessageCheckService - Begin to check prepare message, begin time:1649602048059
2022-04-10 22:47:28 INFO TransactionalMessageCheckService - Before check, the queue=MessageQueue [topic=RMQ_SYS_TRANS_HALF_TOPIC, brokerName=b03c68b090b1, queueId=0] msgOffset=0 opOffset=0
2022-04-10 22:47:28 WARN TransactionalMessageCheckService - No new message. GetMessageStatus=NO_MESSAGE_IN_QUEUE, topic=RMQ_SYS_TRANS_OP_HALF_TOPIC, groupId=CID_RMQ_SYS_TRANS, requestOffset=0
2022-04-10 22:47:28 WARN TransactionalMessageCheckService - The miss op offset=0 in queue=MessageQueue [topic=RMQ_SYS_TRANS_OP_HALF_TOPIC, brokerName=b03c68b090b1, queueId=0] is NO_NEW_MSG, pullResult=PullResult [pullStatus=NO_NEW_MSG, nextBeginOffset=0, minOffset=0, maxOffset=0, msgFoundList=0]
2022-04-10 22:47:28 WARN TransactionalMessageCheckService - No new message. GetMessageStatus=NO_MESSAGE_IN_QUEUE, topic=RMQ_SYS_TRANS_HALF_TOPIC, groupId=CID_RMQ_SYS_TRANS, requestOffset=0
2022-04-10 22:47:28 INFO TransactionalMessageCheckService - End to check prepare message, consumed time:1
2022-04-10 22:48:28 INFO TransactionalMessageCheckService - Begin to check prepare message, begin time:1649602108065
2022-04-10 22:48:28 INFO TransactionalMessageCheckService - Before check, the queue=MessageQueue [topic=RMQ_SYS_TRANS_HALF_TOPIC, brokerName=b03c68b090b1, queueId=0] msgOffset=0 opOffset=0
2022-04-10 22:48:28 WARN TransactionalMessageCheckService - No new message. GetMessageStatus=NO_MESSAGE_IN_QUEUE, topic=RMQ_SYS_TRANS_OP_HALF_TOPIC, groupId=CID_RMQ_SYS_TRANS, requestOffset=0
2022-04-10 22:48:28 WARN TransactionalMessageCheckService - The miss op offset=0 in queue=MessageQueue [topic=RMQ_SYS_TRANS_OP_HALF_TOPIC, brokerName=b03c68b090b1, queueId=0] is NO_NEW_MSG, pullResult=PullResult [pullStatus=NO_NEW_MSG, nextBeginOffset=0, minOffset=0, maxOffset=0, msgFoundList=0]
2022-04-10 22:48:28 WARN TransactionalMessageCheckService - No new message. GetMessageStatus=NO_MESSAGE_IN_QUEUE, topic=RMQ_SYS_TRANS_HALF_TOPIC, groupId=CID_RMQ_SYS_TRANS, requestOffset=0
2022-04-10 22:48:28 INFO TransactionalMessageCheckService - End to check prepare message, consumed time:1
2022-04-10 22:49:28 INFO TransactionalMessageCheckService - Begin to check prepare message, begin time:1649602168063
2022-04-10 22:49:28 INFO TransactionalMessageCheckService - Before check, the queue=MessageQueue [topic=RMQ_SYS_TRANS_HALF_TOPIC, brokerName=b03c68b090b1, queueId=0] msgOffset=0 opOffset=0
2022-04-10 22:49:28 WARN TransactionalMessageCheckService - No new message. GetMessageStatus=NO_MESSAGE_IN_QUEUE, topic=RMQ_SYS_TRANS_OP_HALF_TOPIC, groupId=CID_RMQ_SYS_TRANS, requestOffset=0
2022-04-10 22:49:28 WARN TransactionalMessageCheckService - The miss op offset=0 in queue=MessageQueue [topic=RMQ_SYS_TRANS_OP_HALF_TOPIC, brokerName=b03c68b090b1, queueId=0] is NO_NEW_MSG, pullResult=PullResult [pullStatus=NO_NEW_MSG, nextBeginOffset=0, minOffset=0, maxOffset=0, msgFoundList=0]
2022-04-10 22:49:28 WARN TransactionalMessageCheckService - No new message. GetMessageStatus=NO_MESSAGE_IN_QUEUE, topic=RMQ_SYS_TRANS_HALF_TOPIC, groupId=CID_RMQ_SYS_TRANS, requestOffset=0
2022-04-10 22:49:28 INFO TransactionalMessageCheckService - End to check prepare message, consumed time:1
2022-04-10 22:50:28 INFO TransactionalMessageCheckService - Begin to check prepare message, begin time:1649602228063
2022-04-10 22:50:28 INFO TransactionalMessageCheckService - Before check, the queue=MessageQueue [topic=RMQ_SYS_TRANS_HALF_TOPIC, brokerName=b03c68b090b1, queueId=0] msgOffset=0 opOffset=0
2022-04-10 22:50:28 WARN TransactionalMessageCheckService - No new message. GetMessageStatus=NO_MESSAGE_IN_QUEUE, topic=RMQ_SYS_TRANS_OP_HALF_TOPIC, groupId=CID_RMQ_SYS_TRANS, requestOffset=0
2022-04-10 22:50:28 WARN TransactionalMessageCheckService - The miss op offset=0 in queue=MessageQueue [topic=RMQ_SYS_TRANS_OP_HALF_TOPIC, brokerName=b03c68b090b1, queueId=0] is NO_NEW_MSG, pullResult=PullResult [pullStatus=NO_NEW_MSG, nextBeginOffset=0, minOffset=0, maxOffset=0, msgFoundList=0]
2022-04-10 22:50:28 WARN TransactionalMessageCheckService - No new message. GetMessageStatus=NO_MESSAGE_IN_QUEUE, topic=RMQ_SYS_TRANS_HALF_TOPIC, groupId=CID_RMQ_SYS_TRANS, requestOffset=0
2022-04-10 22:50:28 INFO TransactionalMessageCheckService - End to check prepare message, consumed time:1
